
**** Build of configuration Debug for project ARM_HW2 ****

"C:\\ti\\ccsv5\\utils\\bin\\gmake" -k all 
'Building target: ARM_HW2.out'
gmake: ../startup_ccs.c: Timestamp out of range; substituting 1970-01-01 09:00:00
gmake: ../hello_ccs.cmd: Timestamp out of range; substituting 1970-01-01 09:00:00
'Invoking: ARM Linker'
"C:/ti/ccsv5/tools/compiler/arm_5.0.4/bin/armcl" -mv7M4 --code_state=16 --float_support=FPv4SPD16 --abi=eabi -me -O2 -g --gcc --define=ccs="ccs" --define=PART_TM4C123GH6PGE --define=TARGET_IS_BLIZZARD_RA1 --diag_warning=225 --display_error_number --diag_wrap=off --gen_func_subsections=on --ual -z --stack_size=512 -m"hello_ccs.map" --heap_size=0 -i"C:/ti/ccsv5/tools/compiler/arm_5.0.4/lib" -i"C:/ti/ccsv5/tools/compiler/arm_5.0.4/include" --reread_libs --warn_sections --display_error_number --diag_wrap=off --xml_link_info="ARM_HW2_linkInfo.xml" --rom_model -o "ARM_HW2.out"  "./switch.obj" "./startup_ccs.obj" "./hello.obj" -l"libc.a" -l"C:/ti/TivaWare_C_Series-1.1/examples/boards/dk-tm4c123g/hello/ccs/../../../../../driverlib/ccs/Debug/driverlib.lib" -l"C:/ti/TivaWare_C_Series-1.1/examples/boards/dk-tm4c123g/hello/ccs/../../../../../grlib/ccs/Debug/grlib.lib" "../hello_ccs.cmd" 

 undefined        first referenced
  symbol              in file     
 ---------        ----------------
 CFAL96x64x16Init ./hello.obj     
 UARTStdioConfig  ./hello.obj     
 UARTprintf       ./hello.obj     

error #10234-D: unresolved symbols remain
error #10010: errors encountered during linking; "ARM_HW2.out" not built
gmake: *** [ARM_HW2.out] Error 1
gmake: Target `all' not remade because of errors.
<Linking>

>> Compilation failure

**** Build Finished ****
