
**** Clean-only build of configuration Debug for project ARM_HW2 ****

"C:\\ti\\ccsv5\\utils\\bin\\gmake" -k clean 
DEL /F  "ARM_HW2.out"
DEL /F "hello.pp" "startup_ccs.pp" "utils\uartstdio.pp" "drivers\cfal96x64x16.pp" 
DEL /F "hello.obj" "startup_ccs.obj" "switch.obj" "utils\uartstdio.obj" "drivers\cfal96x64x16.obj" 
DEL /F "switch.pp" 
Could Not Find C:\Users\jhshin\Desktop\secret\Microprocessor\ARM_HW2\Debug\switch.pp
'Finished clean'
' '

**** Build Finished ****

**** Build of configuration Debug for project ARM_HW2 ****

"C:\\ti\\ccsv5\\utils\\bin\\gmake" -k all 
'Building file: ../hello.c'
'Invoking: ARM Compiler'
"C:/ti/ccsv5/tools/compiler/arm_5.0.4/bin/armcl" -mv7M4 --code_state=16 --float_support=FPv4SPD16 --abi=eabi -me -O2 -g --include_path="C:/ti/ccsv5/tools/compiler/arm_5.0.4/include" --include_path="C:/ti/TivaWare_C_Series-1.1/examples/boards/dk-tm4c123g" --include_path="C:/ti/TivaWare_C_Series-1.1" --gcc --define=ccs="ccs" --define=PART_TM4C123GH6PGE --define=TARGET_IS_BLIZZARD_RA1 --diag_warning=225 --display_error_number --diag_wrap=off --gen_func_subsections=on --ual --preproc_with_compile --preproc_dependency="hello.pp"  "../hello.c"
'Finished building: ../hello.c'
' '
gmake: ../startup_ccs.c: Timestamp out of range; substituting 1970-01-01 09:00:00
'Building file: ../startup_ccs.c'
'Invoking: ARM Compiler'
"C:/ti/ccsv5/tools/compiler/arm_5.0.4/bin/armcl" -mv7M4 --code_state=16 --float_support=FPv4SPD16 --abi=eabi -me -O2 -g --include_path="C:/ti/ccsv5/tools/compiler/arm_5.0.4/include" --include_path="C:/ti/TivaWare_C_Series-1.1/examples/boards/dk-tm4c123g" --include_path="C:/ti/TivaWare_C_Series-1.1" --gcc --define=ccs="ccs" --define=PART_TM4C123GH6PGE --define=TARGET_IS_BLIZZARD_RA1 --diag_warning=225 --display_error_number --diag_wrap=off --gen_func_subsections=on --ual --preproc_with_compile --preproc_dependency="startup_ccs.pp"  "../startup_ccs.c"
'Finished building: ../startup_ccs.c'
' '
'Building file: ../switch.asm'
'Invoking: ARM Compiler'
"C:/ti/ccsv5/tools/compiler/arm_5.0.4/bin/armcl" -mv7M4 --code_state=16 --float_support=FPv4SPD16 --abi=eabi -me -O2 -g --include_path="C:/ti/ccsv5/tools/compiler/arm_5.0.4/include" --include_path="C:/ti/TivaWare_C_Series-1.1/examples/boards/dk-tm4c123g" --include_path="C:/ti/TivaWare_C_Series-1.1" --gcc --define=ccs="ccs" --define=PART_TM4C123GH6PGE --define=TARGET_IS_BLIZZARD_RA1 --diag_warning=225 --display_error_number --diag_wrap=off --gen_func_subsections=on --ual --preproc_with_compile --preproc_dependency="switch.pp"  "../switch.asm"
'Finished building: ../switch.asm'
' '
'Building file: C:/ti/TivaWare_C_Series-1.1/utils/uartstdio.c'
'Invoking: ARM Compiler'
"C:/ti/ccsv5/tools/compiler/arm_5.0.4/bin/armcl" -mv7M4 --code_state=16 --float_support=FPv4SPD16 --abi=eabi -me -O2 -g --include_path="C:/ti/ccsv5/tools/compiler/arm_5.0.4/include" --include_path="C:/ti/TivaWare_C_Series-1.1/examples/boards/dk-tm4c123g" --include_path="C:/ti/TivaWare_C_Series-1.1" --gcc --define=ccs="ccs" --define=PART_TM4C123GH6PGE --define=TARGET_IS_BLIZZARD_RA1 --diag_warning=225 --display_error_number --diag_wrap=off --gen_func_subsections=on --ual --preproc_with_compile --preproc_dependency="utils/uartstdio.pp" --obj_directory="utils"  "C:/ti/TivaWare_C_Series-1.1/utils/uartstdio.c"
'Finished building: C:/ti/TivaWare_C_Series-1.1/utils/uartstdio.c'
' '
'Building file: C:/ti/TivaWare_C_Series-1.1/examples/boards/dk-tm4c123g/drivers/cfal96x64x16.c'
'Invoking: ARM Compiler'
"C:/ti/ccsv5/tools/compiler/arm_5.0.4/bin/armcl" -mv7M4 --code_state=16 --float_support=FPv4SPD16 --abi=eabi -me -O2 -g --include_path="C:/ti/ccsv5/tools/compiler/arm_5.0.4/include" --include_path="C:/ti/TivaWare_C_Series-1.1/examples/boards/dk-tm4c123g" --include_path="C:/ti/TivaWare_C_Series-1.1" --gcc --define=ccs="ccs" --define=PART_TM4C123GH6PGE --define=TARGET_IS_BLIZZARD_RA1 --diag_warning=225 --display_error_number --diag_wrap=off --gen_func_subsections=on --ual --preproc_with_compile --preproc_dependency="drivers/cfal96x64x16.pp" --obj_directory="drivers"  "C:/ti/TivaWare_C_Series-1.1/examples/boards/dk-tm4c123g/drivers/cfal96x64x16.c"
'Finished building: C:/ti/TivaWare_C_Series-1.1/examples/boards/dk-tm4c123g/drivers/cfal96x64x16.c'
' '
gmake: ../hello_ccs.cmd: Timestamp out of range; substituting 1970-01-01 09:00:00
'Building target: ARM_HW2.out'
'Invoking: ARM Linker'
"C:/ti/ccsv5/tools/compiler/arm_5.0.4/bin/armcl" -mv7M4 --code_state=16 --float_support=FPv4SPD16 --abi=eabi -me -O2 -g --gcc --define=ccs="ccs" --define=PART_TM4C123GH6PGE --define=TARGET_IS_BLIZZARD_RA1 --diag_warning=225 --display_error_number --diag_wrap=off --gen_func_subsections=on --ual -z --stack_size=512 -m"hello_ccs.map" --heap_size=0 -i"C:/ti/ccsv5/tools/compiler/arm_5.0.4/lib" -i"C:/ti/ccsv5/tools/compiler/arm_5.0.4/include" --reread_libs --warn_sections --display_error_number --diag_wrap=off --xml_link_info="ARM_HW2_linkInfo.xml" --rom_model -o "ARM_HW2.out"  "./drivers/cfal96x64x16.obj" "./utils/uartstdio.obj" "./switch.obj" "./startup_ccs.obj" "./hello.obj" -l"libc.a" -l"C:/ti/TivaWare_C_Series-1.1/examples/boards/dk-tm4c123g/hello/ccs/../../../../../driverlib/ccs/Debug/driverlib.lib" -l"C:/ti/TivaWare_C_Series-1.1/examples/boards/dk-tm4c123g/hello/ccs/../../../../../grlib/ccs/Debug/grlib.lib" "../hello_ccs.cmd" 
<Linking>
'Finished building target: ARM_HW2.out'
' '
"C:/ti/ccsv5/utils/tiobj2bin/tiobj2bin" "ARM_HW2.out" "ARM_HW2.bin" "C:/ti/ccsv5/tools/compiler/arm_5.0.4/bin/armofd" "C:/ti/ccsv5/tools/compiler/arm_5.0.4/bin/armhex" "C:/ti/ccsv5/utils/tiobj2bin/mkhex4bin"
' '

**** Build Finished ****

**** Build of configuration Debug for project ARM_HW2 ****

"C:\\ti\\ccsv5\\utils\\bin\\gmake" -k all 
gmake: ../startup_ccs.c: Timestamp out of range; substituting 1970-01-01 09:00:00
gmake: ../hello_ccs.cmd: Timestamp out of range; substituting 1970-01-01 09:00:00
gmake: Nothing to be done for `all'.

**** Build Finished ****

**** Build of configuration Debug for project ARM_HW2 ****

"C:\\ti\\ccsv5\\utils\\bin\\gmake" -k all 
gmake: ../startup_ccs.c: Timestamp out of range; substituting 1970-01-01 09:00:00
gmake: ../hello_ccs.cmd: Timestamp out of range; substituting 1970-01-01 09:00:00
gmake: Nothing to be done for `all'.

**** Build Finished ****
